C:\Program Files (x86)\Microsoft Visual Studio\2019\Community\MSBuild\Microsoft\VC\v160\Microsoft.CppBuild.targets(513,5): warning MSB8028: 中间目录(Debug\)包含从另一个项目(CDF_FDM_1.vcxproj)共享的文件。   这会导致错误的清除和重新生成行为。
  Flux_WENO5_IB_Equation.cpp
C:\Users\Administrator\source\repos\CFD\CDF_FDM_1\CDF_FDM_1\Flux_WENO5_IB_Equation.cpp(25,36): warning C4244: “参数”: 从“double”转换到“float”，可能丢失数据
C:\Users\Administrator\source\repos\CFD\CDF_FDM_1\CDF_FDM_1\Flux_WENO5_IB_Equation.cpp(25,32): warning C4244: “参数”: 从“double”转换到“float”，可能丢失数据
C:\Users\Administrator\source\repos\CFD\CDF_FDM_1\CDF_FDM_1\Flux_WENO5_IB_Equation.cpp(25,28): warning C4244: “参数”: 从“double”转换到“float”，可能丢失数据
C:\Users\Administrator\source\repos\CFD\CDF_FDM_1\CDF_FDM_1\Flux_WENO5_IB_Equation.cpp(25,24): warning C4244: “参数”: 从“double”转换到“float”，可能丢失数据
C:\Users\Administrator\source\repos\CFD\CDF_FDM_1\CDF_FDM_1\Flux_WENO5_IB_Equation.cpp(25,20): warning C4244: “参数”: 从“double”转换到“float”，可能丢失数据
C:\Users\Administrator\source\repos\CFD\CDF_FDM_1\CDF_FDM_1\Flux_WENO5_IB_Equation.cpp(33,36): warning C4244: “参数”: 从“double”转换到“float”，可能丢失数据
C:\Users\Administrator\source\repos\CFD\CDF_FDM_1\CDF_FDM_1\Flux_WENO5_IB_Equation.cpp(33,32): warning C4244: “参数”: 从“double”转换到“float”，可能丢失数据
C:\Users\Administrator\source\repos\CFD\CDF_FDM_1\CDF_FDM_1\Flux_WENO5_IB_Equation.cpp(33,28): warning C4244: “参数”: 从“double”转换到“float”，可能丢失数据
C:\Users\Administrator\source\repos\CFD\CDF_FDM_1\CDF_FDM_1\Flux_WENO5_IB_Equation.cpp(33,24): warning C4244: “参数”: 从“double”转换到“float”，可能丢失数据
C:\Users\Administrator\source\repos\CFD\CDF_FDM_1\CDF_FDM_1\Flux_WENO5_IB_Equation.cpp(33,20): warning C4244: “参数”: 从“double”转换到“float”，可能丢失数据
C:\Users\Administrator\source\repos\CFD\CDF_FDM_1\CDF_FDM_1\Flux_WENO5_IB_Equation.cpp(41,36): warning C4244: “参数”: 从“double”转换到“float”，可能丢失数据
C:\Users\Administrator\source\repos\CFD\CDF_FDM_1\CDF_FDM_1\Flux_WENO5_IB_Equation.cpp(41,32): warning C4244: “参数”: 从“double”转换到“float”，可能丢失数据
C:\Users\Administrator\source\repos\CFD\CDF_FDM_1\CDF_FDM_1\Flux_WENO5_IB_Equation.cpp(41,28): warning C4244: “参数”: 从“double”转换到“float”，可能丢失数据
C:\Users\Administrator\source\repos\CFD\CDF_FDM_1\CDF_FDM_1\Flux_WENO5_IB_Equation.cpp(41,24): warning C4244: “参数”: 从“double”转换到“float”，可能丢失数据
C:\Users\Administrator\source\repos\CFD\CDF_FDM_1\CDF_FDM_1\Flux_WENO5_IB_Equation.cpp(41,20): warning C4244: “参数”: 从“double”转换到“float”，可能丢失数据
C:\Users\Administrator\source\repos\CFD\CDF_FDM_1\CDF_FDM_1\Flux_WENO5_IB_Equation.cpp(50,40): warning C4244: “参数”: 从“double”转换到“float”，可能丢失数据
C:\Users\Administrator\source\repos\CFD\CDF_FDM_1\CDF_FDM_1\Flux_WENO5_IB_Equation.cpp(50,36): warning C4244: “参数”: 从“double”转换到“float”，可能丢失数据
C:\Users\Administrator\source\repos\CFD\CDF_FDM_1\CDF_FDM_1\Flux_WENO5_IB_Equation.cpp(50,32): warning C4244: “参数”: 从“double”转换到“float”，可能丢失数据
C:\Users\Administrator\source\repos\CFD\CDF_FDM_1\CDF_FDM_1\Flux_WENO5_IB_Equation.cpp(50,28): warning C4244: “参数”: 从“double”转换到“float”，可能丢失数据
C:\Users\Administrator\source\repos\CFD\CDF_FDM_1\CDF_FDM_1\Flux_WENO5_IB_Equation.cpp(50,24): warning C4244: “参数”: 从“double”转换到“float”，可能丢失数据
C:\Users\Administrator\source\repos\CFD\CDF_FDM_1\CDF_FDM_1\Flux_WENO5_IB_Equation.cpp(59,36): warning C4244: “参数”: 从“double”转换到“float”，可能丢失数据
C:\Users\Administrator\source\repos\CFD\CDF_FDM_1\CDF_FDM_1\Flux_WENO5_IB_Equation.cpp(59,32): warning C4244: “参数”: 从“double”转换到“float”，可能丢失数据
C:\Users\Administrator\source\repos\CFD\CDF_FDM_1\CDF_FDM_1\Flux_WENO5_IB_Equation.cpp(59,28): warning C4244: “参数”: 从“double”转换到“float”，可能丢失数据
C:\Users\Administrator\source\repos\CFD\CDF_FDM_1\CDF_FDM_1\Flux_WENO5_IB_Equation.cpp(59,24): warning C4244: “参数”: 从“double”转换到“float”，可能丢失数据
C:\Users\Administrator\source\repos\CFD\CDF_FDM_1\CDF_FDM_1\Flux_WENO5_IB_Equation.cpp(59,20): warning C4244: “参数”: 从“double”转换到“float”，可能丢失数据
C:\Users\Administrator\source\repos\CFD\CDF_FDM_1\CDF_FDM_1\Flux_WENO5_IB_Equation.cpp(67,36): warning C4244: “参数”: 从“double”转换到“float”，可能丢失数据
C:\Users\Administrator\source\repos\CFD\CDF_FDM_1\CDF_FDM_1\Flux_WENO5_IB_Equation.cpp(67,32): warning C4244: “参数”: 从“double”转换到“float”，可能丢失数据
C:\Users\Administrator\source\repos\CFD\CDF_FDM_1\CDF_FDM_1\Flux_WENO5_IB_Equation.cpp(67,28): warning C4244: “参数”: 从“double”转换到“float”，可能丢失数据
C:\Users\Administrator\source\repos\CFD\CDF_FDM_1\CDF_FDM_1\Flux_WENO5_IB_Equation.cpp(67,24): warning C4244: “参数”: 从“double”转换到“float”，可能丢失数据
C:\Users\Administrator\source\repos\CFD\CDF_FDM_1\CDF_FDM_1\Flux_WENO5_IB_Equation.cpp(67,20): warning C4244: “参数”: 从“double”转换到“float”，可能丢失数据
C:\Users\Administrator\source\repos\CFD\CDF_FDM_1\CDF_FDM_1\Flux_WENO5_IB_Equation.cpp(84,32): warning C4244: “参数”: 从“double”转换到“float”，可能丢失数据
C:\Users\Administrator\source\repos\CFD\CDF_FDM_1\CDF_FDM_1\Flux_WENO5_IB_Equation.cpp(84,28): warning C4244: “参数”: 从“double”转换到“float”，可能丢失数据
C:\Users\Administrator\source\repos\CFD\CDF_FDM_1\CDF_FDM_1\Flux_WENO5_IB_Equation.cpp(84,24): warning C4244: “参数”: 从“double”转换到“float”，可能丢失数据
C:\Users\Administrator\source\repos\CFD\CDF_FDM_1\CDF_FDM_1\Flux_WENO5_IB_Equation.cpp(84,20): warning C4244: “参数”: 从“double”转换到“float”，可能丢失数据
C:\Users\Administrator\source\repos\CFD\CDF_FDM_1\CDF_FDM_1\Flux_WENO5_IB_Equation.cpp(84,16): warning C4244: “参数”: 从“double”转换到“float”，可能丢失数据
C:\Users\Administrator\source\repos\CFD\CDF_FDM_1\CDF_FDM_1\Flux_WENO5_IB_Equation.cpp(92,32): warning C4244: “参数”: 从“double”转换到“float”，可能丢失数据
C:\Users\Administrator\source\repos\CFD\CDF_FDM_1\CDF_FDM_1\Flux_WENO5_IB_Equation.cpp(92,28): warning C4244: “参数”: 从“double”转换到“float”，可能丢失数据
C:\Users\Administrator\source\repos\CFD\CDF_FDM_1\CDF_FDM_1\Flux_WENO5_IB_Equation.cpp(92,24): warning C4244: “参数”: 从“double”转换到“float”，可能丢失数据
C:\Users\Administrator\source\repos\CFD\CDF_FDM_1\CDF_FDM_1\Flux_WENO5_IB_Equation.cpp(92,20): warning C4244: “参数”: 从“double”转换到“float”，可能丢失数据
C:\Users\Administrator\source\repos\CFD\CDF_FDM_1\CDF_FDM_1\Flux_WENO5_IB_Equation.cpp(92,16): warning C4244: “参数”: 从“double”转换到“float”，可能丢失数据
C:\Users\Administrator\source\repos\CFD\CDF_FDM_1\CDF_FDM_1\Flux_WENO5_IB_Equation.cpp(101,36): warning C4244: “参数”: 从“double”转换到“float”，可能丢失数据
C:\Users\Administrator\source\repos\CFD\CDF_FDM_1\CDF_FDM_1\Flux_WENO5_IB_Equation.cpp(101,32): warning C4244: “参数”: 从“double”转换到“float”，可能丢失数据
C:\Users\Administrator\source\repos\CFD\CDF_FDM_1\CDF_FDM_1\Flux_WENO5_IB_Equation.cpp(101,28): warning C4244: “参数”: 从“double”转换到“float”，可能丢失数据
C:\Users\Administrator\source\repos\CFD\CDF_FDM_1\CDF_FDM_1\Flux_WENO5_IB_Equation.cpp(101,24): warning C4244: “参数”: 从“double”转换到“float”，可能丢失数据
C:\Users\Administrator\source\repos\CFD\CDF_FDM_1\CDF_FDM_1\Flux_WENO5_IB_Equation.cpp(101,20): warning C4244: “参数”: 从“double”转换到“float”，可能丢失数据
C:\Users\Administrator\source\repos\CFD\CDF_FDM_1\CDF_FDM_1\Flux_WENO5_IB_Equation.cpp(110,31): warning C4244: “参数”: 从“double”转换到“float”，可能丢失数据
C:\Users\Administrator\source\repos\CFD\CDF_FDM_1\CDF_FDM_1\Flux_WENO5_IB_Equation.cpp(110,27): warning C4244: “参数”: 从“double”转换到“float”，可能丢失数据
C:\Users\Administrator\source\repos\CFD\CDF_FDM_1\CDF_FDM_1\Flux_WENO5_IB_Equation.cpp(110,23): warning C4244: “参数”: 从“double”转换到“float”，可能丢失数据
C:\Users\Administrator\source\repos\CFD\CDF_FDM_1\CDF_FDM_1\Flux_WENO5_IB_Equation.cpp(110,19): warning C4244: “参数”: 从“double”转换到“float”，可能丢失数据
C:\Users\Administrator\source\repos\CFD\CDF_FDM_1\CDF_FDM_1\Flux_WENO5_IB_Equation.cpp(110,15): warning C4244: “参数”: 从“double”转换到“float”，可能丢失数据
C:\Users\Administrator\source\repos\CFD\CDF_FDM_1\CDF_FDM_1\Flux_WENO5_IB_Equation.cpp(118,32): warning C4244: “参数”: 从“double”转换到“float”，可能丢失数据
C:\Users\Administrator\source\repos\CFD\CDF_FDM_1\CDF_FDM_1\Flux_WENO5_IB_Equation.cpp(118,28): warning C4244: “参数”: 从“double”转换到“float”，可能丢失数据
C:\Users\Administrator\source\repos\CFD\CDF_FDM_1\CDF_FDM_1\Flux_WENO5_IB_Equation.cpp(118,24): warning C4244: “参数”: 从“double”转换到“float”，可能丢失数据
C:\Users\Administrator\source\repos\CFD\CDF_FDM_1\CDF_FDM_1\Flux_WENO5_IB_Equation.cpp(118,20): warning C4244: “参数”: 从“double”转换到“float”，可能丢失数据
C:\Users\Administrator\source\repos\CFD\CDF_FDM_1\CDF_FDM_1\Flux_WENO5_IB_Equation.cpp(118,16): warning C4244: “参数”: 从“double”转换到“float”，可能丢失数据
C:\Users\Administrator\source\repos\CFD\CDF_FDM_1\CDF_FDM_1\Flux_WENO5_IB_Equation.cpp(126,32): warning C4244: “参数”: 从“double”转换到“float”，可能丢失数据
C:\Users\Administrator\source\repos\CFD\CDF_FDM_1\CDF_FDM_1\Flux_WENO5_IB_Equation.cpp(126,28): warning C4244: “参数”: 从“double”转换到“float”，可能丢失数据
C:\Users\Administrator\source\repos\CFD\CDF_FDM_1\CDF_FDM_1\Flux_WENO5_IB_Equation.cpp(126,24): warning C4244: “参数”: 从“double”转换到“float”，可能丢失数据
C:\Users\Administrator\source\repos\CFD\CDF_FDM_1\CDF_FDM_1\Flux_WENO5_IB_Equation.cpp(126,20): warning C4244: “参数”: 从“double”转换到“float”，可能丢失数据
C:\Users\Administrator\source\repos\CFD\CDF_FDM_1\CDF_FDM_1\Flux_WENO5_IB_Equation.cpp(126,16): warning C4244: “参数”: 从“double”转换到“float”，可能丢失数据
C:\Users\Administrator\source\repos\CFD\CDF_FDM_1\CDF_FDM_1\Flux_WENO5_IB_Equation.cpp(188,14): warning C4244: “初始化”: 从“double”转换到“int”，可能丢失数据
C:\Users\Administrator\source\repos\CFD\CDF_FDM_1\CDF_FDM_1\Flux_WENO5_IB_Equation.cpp(237,12): warning C4244: “初始化”: 从“double”转换到“int”，可能丢失数据
  CDF_FDM_1.vcxproj -> C:\Users\Administrator\source\repos\CFD\CDF_FDM_1\Debug\CFD_FDM_1.exe
